<?xml version="1.0" encoding="UTF-8"?>
<Site BuildName="(empty)"
	BuildStamp="20231103-2309-Experimental"
	Name="(empty)"
	Generator="ctest-3.20.0"
	CompilerName=""
	CompilerVersion=""
	OSName="Windows"
	Hostname="Biel-013"
	OSRelease=" Professional"
	OSVersion=" (Build 22621)"
	OSPlatform="AMD64"
	Is64Bits="1"
	VendorString="AuthenticAMD"
	VendorID="Advanced Micro Devices"
	FamilyID="15"
	ModelID="8"
	ProcessorCacheSize="64"
	NumberOfLogicalCPU="12"
	NumberOfPhysicalCPU="6"
	TotalVirtualMemory="14059"
	TotalPhysicalMemory="7029"
	LogicalProcessorsPerPhysical="2"
	ProcessorClockFrequency="2096"
	>
	<Testing>
		<StartDateTime>Nov 03 20:09 Hora oficial do Brasil</StartDateTime>
		<StartTestTime>1699052977</StartTestTime>
		<TestList/>
		<EndDateTime>Nov 03 20:09 Hora oficial do Brasil</EndDateTime>
		<EndTestTime>1699052977</EndTestTime>
		<ElapsedMinutes>0</ElapsedMinutes>
	</Testing>
</Site>
